{
  "0 debug pnpm:scope": {
    "selected": 1
  },
  "1 debug pnpm:package-manifest": {
    "initial": {
      "name": "worker-typescript-template",
      "version": "1.0.0",
      "description": "Cloudflare worker TypeScript template",
      "main": "dist/worker.js",
      "scripts": {
        "build": "node build.js",
        "format": "prettier --write  '*.{json,js}' 'src/**/*.{js,ts}' 'test/**/*.{js,ts}'",
        "lint": "eslint --max-warnings=0 src && prettier --check '*.{json,js}' 'src/**/*.{js,ts}' 'test/**/*.{js,ts}'",
        "dev": "wrangler dev"
      },
      "author": "author",
      "license": "MIT OR Apache-2.0",
      "devDependencies": {
        "@cloudflare/workers-types": "^3.0.0",
        "@types/service-worker-mock": "^2.0.1",
        "@typescript-eslint/eslint-plugin": "^4.16.1",
        "@typescript-eslint/parser": "^4.16.1",
        "prettier": "^2.3.0",
        "service-worker-mock": "^2.0.5",
        "ts-jest": "^27.0.1",
        "ts-loader": "^9.2.2",
        "typescript": "^4.3.2",
        "webpack": "^5.38.1",
        "webpack-cli": "^4.7.0"
      },
      "dependencies": {
        "@trpc/server": "^9.16.0",
        "@valu/trpc-fetch-api-adapter": "file:/Users/esamatti1/code/npm-packages/packages/trpc-fetch-api-adapter/valu-trpc-fetch-api-adapter-0.0.1.tgz",
        "esbuild": "^0.14.11",
        "esbuild-plugin-ignore": "^1.1.1",
        "url": "^0.11.0"
      }
    },
    "prefix": "/Users/esamatti1/code/trpc-demo"
  },
  "2 debug pnpm:context": {
    "currentLockfileExists": false,
    "storeDir": "/Users/esamatti1/.pnpm-store/v3",
    "virtualStoreDir": "/Users/esamatti1/code/trpc-demo/node_modules/.pnpm"
  },
  "3 debug pnpm:stage": {
    "prefix": "/Users/esamatti1/code/trpc-demo",
    "stage": "resolution_started"
  },
  "4 debug pnpm:_dependency_resolved": {
    "resolution": "registry.npmjs.org/@cloudflare/workers-types/3.3.0",
    "wanted": {
      "dependentId": ".",
      "name": "@cloudflare/workers-types",
      "rawSpec": "^3.0.0"
    }
  },
  "5 debug pnpm:_dependency_resolved": {
    "resolution": "registry.npmjs.org/@types/service-worker-mock/2.0.1",
    "wanted": {
      "dependentId": ".",
      "name": "@types/service-worker-mock",
      "rawSpec": "^2.0.1"
    }
  },
  "6 debug pnpm:_dependency_resolved": {
    "resolution": "registry.npmjs.org/@typescript-eslint/eslint-plugin/4.33.0",
    "wanted": {
      "dependentId": ".",
      "name": "@typescript-eslint/eslint-plugin",
      "rawSpec": "^4.16.1"
    }
  },
  "7 debug pnpm:_dependency_resolved": {
    "resolution": "registry.npmjs.org/@typescript-eslint/parser/4.33.0",
    "wanted": {
      "dependentId": ".",
      "name": "@typescript-eslint/parser",
      "rawSpec": "^4.16.1"
    }
  },
  "8 debug pnpm:_dependency_resolved": {
    "resolution": "registry.npmjs.org/prettier/2.5.1",
    "wanted": {
      "dependentId": ".",
      "name": "prettier",
      "rawSpec": "^2.3.0"
    }
  },
  "9 debug pnpm:_dependency_resolved": {
    "resolution": "registry.npmjs.org/service-worker-mock/2.0.5",
    "wanted": {
      "dependentId": ".",
      "name": "service-worker-mock",
      "rawSpec": "^2.0.5"
    }
  },
  "10 debug pnpm:_dependency_resolved": {
    "resolution": "registry.npmjs.org/ts-jest/27.1.2",
    "wanted": {
      "dependentId": ".",
      "name": "ts-jest",
      "rawSpec": "^27.0.1"
    }
  },
  "11 debug pnpm:_dependency_resolved": {
    "resolution": "registry.npmjs.org/ts-loader/9.2.6",
    "wanted": {
      "dependentId": ".",
      "name": "ts-loader",
      "rawSpec": "^9.2.2"
    }
  },
  "12 debug pnpm:_dependency_resolved": {
    "resolution": "registry.npmjs.org/typescript/4.5.4",
    "wanted": {
      "dependentId": ".",
      "name": "typescript",
      "rawSpec": "^4.3.2"
    }
  },
  "13 debug pnpm:_dependency_resolved": {
    "resolution": "registry.npmjs.org/webpack/5.65.0",
    "wanted": {
      "dependentId": ".",
      "name": "webpack",
      "rawSpec": "^5.38.1"
    }
  },
  "14 debug pnpm:_dependency_resolved": {
    "resolution": "registry.npmjs.org/webpack-cli/4.9.1",
    "wanted": {
      "dependentId": ".",
      "name": "webpack-cli",
      "rawSpec": "^4.7.0"
    }
  },
  "15 debug pnpm:_dependency_resolved": {
    "resolution": "registry.npmjs.org/@trpc/server/9.16.0",
    "wanted": {
      "dependentId": ".",
      "name": "@trpc/server",
      "rawSpec": "^9.16.0"
    }
  },
  "16 debug pnpm:_dependency_resolved": {
    "resolution": "registry.npmjs.org/esbuild/0.14.11",
    "wanted": {
      "dependentId": ".",
      "name": "esbuild",
      "rawSpec": "^0.14.11"
    }
  },
  "17 debug pnpm:_dependency_resolved": {
    "resolution": "registry.npmjs.org/esbuild-plugin-ignore/1.1.1",
    "wanted": {
      "dependentId": ".",
      "name": "esbuild-plugin-ignore",
      "rawSpec": "^1.1.1"
    }
  },
  "18 debug pnpm:_dependency_resolved": {
    "resolution": "registry.npmjs.org/url/0.11.0",
    "wanted": {
      "dependentId": ".",
      "name": "url",
      "rawSpec": "^0.11.0"
    }
  },
  "19 error pnpm": {
    "errno": -2,
    "code": "ENOENT",
    "syscall": "open",
    "path": "/Users/esamatti1/code/npm-packages/packages/trpc-fetch-api-adapter/valu-trpc-fetch-api-adapter-0.0.1.tgz",
    "pkgsStack": [],
    "err": {
      "name": "pnpm",
      "message": "ENOENT: no such file or directory, open '/Users/esamatti1/code/npm-packages/packages/trpc-fetch-api-adapter/valu-trpc-fetch-api-adapter-0.0.1.tgz'",
      "code": "ENOENT",
      "stack": "pnpm: ENOENT: no such file or directory, open '/Users/esamatti1/code/npm-packages/packages/trpc-fetch-api-adapter/valu-trpc-fetch-api-adapter-0.0.1.tgz'"
    }
  }
}